<?xml version="1.0" encoding="UTF-8"?>
<!-- Generated by org.testng.reporters.JUnitXMLReporter -->
<testsuite ignored="0" hostname="DESKTOP-LIVUUK4" failures="1" tests="1" name="Test" time="35.506" errors="0" timestamp="2023-11-08T13:18:15 IST">
  <testcase classname="commonMethods.Testcases" name="Axis" time="32.898">
    <failure type="java.lang.AssertionError" message="null">
      <![CDATA[java.lang.AssertionError: null
at commonMethods.Keywords.click(Keywords.java:462)
at scripts.Axis.organisation(Axis.java:119)
at commonMethods.Testcases.Axis(Testcases.java:75)
at java.base/java.util.ArrayList.forEach(ArrayList.java:1511)
... Removed 29 stack frames]]>
    </failure>
  </testcase> <!-- Axis -->
</testsuite> <!-- Test -->
