<?xml version="1.0" encoding="UTF-8"?>
<!-- Generated by org.testng.reporters.JUnitXMLReporter -->
<testsuite hostname="DESKTOP-LIVUUK4" failures="1" tests="1" name="Test" time="98.156" errors="0" timestamp="8 Nov 2023 07:43:14 GMT">
  <testcase classname="commonMethods.Testcases" name="Axis" time="95.781">
    <failure type="java.lang.AssertionError" message="null">
      <![CDATA[java.lang.AssertionError: null
	at commonMethods.Keywords.waitForElementWithLessWait(Keywords.java:439)
	at scripts.Axis.organisation(Axis.java:130)
	at commonMethods.Testcases.Axis(Testcases.java:75)
... Removed 30 stack frames]]>
    </failure>
  </testcase> <!-- Axis -->
</testsuite> <!-- Test -->
